Determining if the pthread_create exist failed with the following output:
Change Dir: /home/cody/catkin_ws/build/CMakeFiles/CMakeTmp

Run Build Command:"/usr/bin/make" "cmTC_ceb45/fast"
/usr/bin/make -f CMakeFiles/cmTC_ceb45.dir/build.make CMakeFiles/cmTC_ceb45.dir/build
make[1]: Entering directory '/home/cody/catkin_ws/build/CMakeFiles/CMakeTmp'
Building C object CMakeFiles/cmTC_ceb45.dir/CheckSymbolExists.c.o
/usr/bin/cc     -o CMakeFiles/cmTC_ceb45.dir/CheckSymbolExists.c.o   -c /home/cody/catkin_ws/build/CMakeFiles/CMakeTmp/CheckSymbolExists.c
Linking C executable cmTC_ceb45
/usr/bin/cmake -E cmake_link_script CMakeFiles/cmTC_ceb45.dir/link.txt --verbose=1
/usr/bin/cc       CMakeFiles/cmTC_ceb45.dir/CheckSymbolExists.c.o  -o cmTC_ceb45 -rdynamic 
CMakeFiles/cmTC_ceb45.dir/CheckSymbolExists.c.o: In function `main':
CheckSymbolExists.c:(.text+0x16): undefined reference to `pthread_create'
collect2: error: ld returned 1 exit status
CMakeFiles/cmTC_ceb45.dir/build.make:97: recipe for target 'cmTC_ceb45' failed
make[1]: *** [cmTC_ceb45] Error 1
make[1]: Leaving directory '/home/cody/catkin_ws/build/CMakeFiles/CMakeTmp'
Makefile:126: recipe for target 'cmTC_ceb45/fast' failed
make: *** [cmTC_ceb45/fast] Error 2

File /home/cody/catkin_ws/build/CMakeFiles/CMakeTmp/CheckSymbolExists.c:
/* */
#include <pthread.h>

int main(int argc, char** argv)
{
  (void)argv;
#ifndef pthread_create
  return ((int*)(&pthread_create))[argc];
#else
  (void)argc;
  return 0;
#endif
}

Determining if the function pthread_create exists in the pthreads failed with the following output:
Change Dir: /home/cody/catkin_ws/build/CMakeFiles/CMakeTmp

Run Build Command:"/usr/bin/make" "cmTC_f48b2/fast"
/usr/bin/make -f CMakeFiles/cmTC_f48b2.dir/build.make CMakeFiles/cmTC_f48b2.dir/build
make[1]: Entering directory '/home/cody/catkin_ws/build/CMakeFiles/CMakeTmp'
Building C object CMakeFiles/cmTC_f48b2.dir/CheckFunctionExists.c.o
/usr/bin/cc    -DCHECK_FUNCTION_EXISTS=pthread_create   -o CMakeFiles/cmTC_f48b2.dir/CheckFunctionExists.c.o   -c /usr/share/cmake-3.5/Modules/CheckFunctionExists.c
Linking C executable cmTC_f48b2
/usr/bin/cmake -E cmake_link_script CMakeFiles/cmTC_f48b2.dir/link.txt --verbose=1
/usr/bin/cc   -DCHECK_FUNCTION_EXISTS=pthread_create    CMakeFiles/cmTC_f48b2.dir/CheckFunctionExists.c.o  -o cmTC_f48b2 -rdynamic -lpthreads 
/usr/bin/ld: cannot find -lpthreads
collect2: error: ld returned 1 exit status
CMakeFiles/cmTC_f48b2.dir/build.make:97: recipe for target 'cmTC_f48b2' failed
make[1]: *** [cmTC_f48b2] Error 1
make[1]: Leaving directory '/home/cody/catkin_ws/build/CMakeFiles/CMakeTmp'
Makefile:126: recipe for target 'cmTC_f48b2/fast' failed
make: *** [cmTC_f48b2/fast] Error 2


Determining if the Q_WS_WIN exist failed with the following output:
Change Dir: /home/cody/catkin_ws/build/CMakeFiles/CMakeTmp

Run Build Command:"/usr/bin/make" "cmTC_0409f/fast"
/usr/bin/make -f CMakeFiles/cmTC_0409f.dir/build.make CMakeFiles/cmTC_0409f.dir/build
make[1]: Entering directory '/home/cody/catkin_ws/build/CMakeFiles/CMakeTmp'
Building CXX object CMakeFiles/cmTC_0409f.dir/CheckSymbolExists.cxx.o
/usr/bin/c++    -I/usr/include/qt4   -o CMakeFiles/cmTC_0409f.dir/CheckSymbolExists.cxx.o -c /home/cody/catkin_ws/build/CMakeFiles/CMakeTmp/CheckSymbolExists.cxx
/home/cody/catkin_ws/build/CMakeFiles/CMakeTmp/CheckSymbolExists.cxx: In function ‘int main(int, char**)’:
/home/cody/catkin_ws/build/CMakeFiles/CMakeTmp/CheckSymbolExists.cxx:8:19: error: ‘Q_WS_WIN’ was not declared in this scope
   return ((int*)(&Q_WS_WIN))[argc];
                   ^
CMakeFiles/cmTC_0409f.dir/build.make:65: recipe for target 'CMakeFiles/cmTC_0409f.dir/CheckSymbolExists.cxx.o' failed
make[1]: *** [CMakeFiles/cmTC_0409f.dir/CheckSymbolExists.cxx.o] Error 1
make[1]: Leaving directory '/home/cody/catkin_ws/build/CMakeFiles/CMakeTmp'
Makefile:126: recipe for target 'cmTC_0409f/fast' failed
make: *** [cmTC_0409f/fast] Error 2

File /home/cody/catkin_ws/build/CMakeFiles/CMakeTmp/CheckSymbolExists.cxx:
/* */
#include <QtCore/qglobal.h>

int main(int argc, char** argv)
{
  (void)argv;
#ifndef Q_WS_WIN
  return ((int*)(&Q_WS_WIN))[argc];
#else
  (void)argc;
  return 0;
#endif
}

Determining if the Q_WS_QWS exist failed with the following output:
Change Dir: /home/cody/catkin_ws/build/CMakeFiles/CMakeTmp

Run Build Command:"/usr/bin/make" "cmTC_345b4/fast"
/usr/bin/make -f CMakeFiles/cmTC_345b4.dir/build.make CMakeFiles/cmTC_345b4.dir/build
make[1]: Entering directory '/home/cody/catkin_ws/build/CMakeFiles/CMakeTmp'
Building CXX object CMakeFiles/cmTC_345b4.dir/CheckSymbolExists.cxx.o
/usr/bin/c++    -I/usr/include/qt4   -o CMakeFiles/cmTC_345b4.dir/CheckSymbolExists.cxx.o -c /home/cody/catkin_ws/build/CMakeFiles/CMakeTmp/CheckSymbolExists.cxx
/home/cody/catkin_ws/build/CMakeFiles/CMakeTmp/CheckSymbolExists.cxx: In function ‘int main(int, char**)’:
/home/cody/catkin_ws/build/CMakeFiles/CMakeTmp/CheckSymbolExists.cxx:8:19: error: ‘Q_WS_QWS’ was not declared in this scope
   return ((int*)(&Q_WS_QWS))[argc];
                   ^
CMakeFiles/cmTC_345b4.dir/build.make:65: recipe for target 'CMakeFiles/cmTC_345b4.dir/CheckSymbolExists.cxx.o' failed
make[1]: *** [CMakeFiles/cmTC_345b4.dir/CheckSymbolExists.cxx.o] Error 1
make[1]: Leaving directory '/home/cody/catkin_ws/build/CMakeFiles/CMakeTmp'
Makefile:126: recipe for target 'cmTC_345b4/fast' failed
make: *** [cmTC_345b4/fast] Error 2

File /home/cody/catkin_ws/build/CMakeFiles/CMakeTmp/CheckSymbolExists.cxx:
/* */
#include <QtCore/qglobal.h>

int main(int argc, char** argv)
{
  (void)argv;
#ifndef Q_WS_QWS
  return ((int*)(&Q_WS_QWS))[argc];
#else
  (void)argc;
  return 0;
#endif
}

Determining if the Q_WS_MAC exist failed with the following output:
Change Dir: /home/cody/catkin_ws/build/CMakeFiles/CMakeTmp

Run Build Command:"/usr/bin/make" "cmTC_98920/fast"
/usr/bin/make -f CMakeFiles/cmTC_98920.dir/build.make CMakeFiles/cmTC_98920.dir/build
make[1]: Entering directory '/home/cody/catkin_ws/build/CMakeFiles/CMakeTmp'
Building CXX object CMakeFiles/cmTC_98920.dir/CheckSymbolExists.cxx.o
/usr/bin/c++    -I/usr/include/qt4   -o CMakeFiles/cmTC_98920.dir/CheckSymbolExists.cxx.o -c /home/cody/catkin_ws/build/CMakeFiles/CMakeTmp/CheckSymbolExists.cxx
/home/cody/catkin_ws/build/CMakeFiles/CMakeTmp/CheckSymbolExists.cxx: In function ‘int main(int, char**)’:
/home/cody/catkin_ws/build/CMakeFiles/CMakeTmp/CheckSymbolExists.cxx:8:19: error: ‘Q_WS_MAC’ was not declared in this scope
   return ((int*)(&Q_WS_MAC))[argc];
                   ^
CMakeFiles/cmTC_98920.dir/build.make:65: recipe for target 'CMakeFiles/cmTC_98920.dir/CheckSymbolExists.cxx.o' failed
make[1]: *** [CMakeFiles/cmTC_98920.dir/CheckSymbolExists.cxx.o] Error 1
make[1]: Leaving directory '/home/cody/catkin_ws/build/CMakeFiles/CMakeTmp'
Makefile:126: recipe for target 'cmTC_98920/fast' failed
make: *** [cmTC_98920/fast] Error 2

File /home/cody/catkin_ws/build/CMakeFiles/CMakeTmp/CheckSymbolExists.cxx:
/* */
#include <QtCore/qglobal.h>

int main(int argc, char** argv)
{
  (void)argv;
#ifndef Q_WS_MAC
  return ((int*)(&Q_WS_MAC))[argc];
#else
  (void)argc;
  return 0;
#endif
}

